<?xml version="1.0" encoding="UTF-8"?>
<testsuite xmlns:xsi="http://www.w3.org/2001/XMLSchema-instance" xsi:noNamespaceSchemaLocation="https://maven.apache.org/surefire/maven-surefire-plugin/xsd/surefire-test-report.xsd" name="org.training.nifi.processors.MyProcessorTest" time="0.171" tests="5" errors="0" skipped="0" failures="0">
  <properties>
[...]
</properties>
  <testcase name="testProcessorIsValidWhenMandatoryPropertyIsSpecified" classname="org.training.nifi.processors.MyProcessorTest" time="0.089"/>
  <testcase name="testNothingIsTransferredWhenNoFlowFileInQueue" classname="org.training.nifi.processors.MyProcessorTest" time="0.007"/>
  <testcase name="testProcessorTransfersSuccesWithCorrectInput" classname="org.training.nifi.processors.MyProcessorTest" time="0.008"/>
  <testcase name="testProcessorTransfersFailureWithNullInput" classname="org.training.nifi.processors.MyProcessorTest" time="0.001"/>
  <testcase name="testProcessorIsInvalidWhenMissingMandatoryProperties" classname="org.training.nifi.processors.MyProcessorTest" time="0"/>
</testsuite>